<?xml version="1.0" encoding="UTF-8"?>
<!-- Generated by org.testng.reporters.JUnitReportReporter -->
<testsuite hostname="DESKTOP-BQHHH7G" failures="0" tests="2" name="shoppersstack.testscripts.DemoTest" time="100.930" errors="0" timestamp="2023-11-20T00:21:01 IST" skipped="0">
  <testcase classname="shoppersstack.testscripts.DemoTest" name="demoTest" time="44.376">
    <system-out>
      <![CDATA[Successfully executed demoTest()]]>
    </system-out>
  </testcase> <!-- demoTest -->
  <testcase classname="shoppersstack.testscripts.DemoTest" name="demoTest" time="56.554">
    <system-out>
      <![CDATA[Successfully executed demoTest()]]>
    </system-out>
  </testcase> <!-- demoTest -->
  <system-out>
    <![CDATA[Browser launched Successfully
Browser launched Successfully
Logged in Successfully
Successfully executed demoTest()
Logged in Successfully
Successfully executed demoTest()
Website logged out Successfully
Browser closed Successfully
Website logged out Successfully
Browser closed Successfully
Browser launched Successfully
Browser launched Successfully
Logged in Successfully
Logged in Successfully
Product Searched Successfully
Product already added Successfully
Cart Checked Successfully
Address Added Successfully
Website logged out Successfully
Website logged out Successfully
Browser closed Successfully
Browser closed Successfully]]>
  </system-out>
</testsuite> <!-- shoppersstack.testscripts.DemoTest -->
