<?xml version="1.0" encoding="UTF-8"?>
<!-- Generated by org.testng.reporters.JUnitReportReporter -->
<testsuite hostname="DESKTOP-BQHHH7G" failures="0" tests="2" name="shoppersstack.testscripts.DataProvidersDemo1Test" time="108.875" errors="0" timestamp="2023-12-23T14:41:29 IST" skipped="0">
  <testcase classname="shoppersstack.testscripts.DataProvidersDemo1Test" name="loginTest1" time="42.731"/>
  <testcase classname="shoppersstack.testscripts.DataProvidersDemo1Test" name="loginTest1" time="66.144"/>
</testsuite> <!-- shoppersstack.testscripts.DataProvidersDemo1Test -->
