<?xml version="1.0" encoding="UTF-8"?>
<!-- Generated by org.testng.reporters.JUnitReportReporter -->
<testsuite hostname="DESKTOP-BQHHH7G" failures="0" tests="1" name="shoppersstack.testscripts.DemoForReports" time="46.360" errors="0" timestamp="2023-12-10T17:08:45 IST" skipped="0">
  <testcase classname="shoppersstack.testscripts.DemoForReports" name="demoTest" time="46.360"/>
  <system-out>
    <![CDATA[Browser launched Successfully
Logged in Successfully
Website logged out Successfully
Browser closed Successfully]]>
  </system-out>
</testsuite> <!-- shoppersstack.testscripts.DemoForReports -->
