<?xml version="1.0" encoding="UTF-8"?>
<!-- Generated by org.testng.reporters.JUnitReportReporter -->
<testsuite hostname="DESKTOP-BQHHH7G" failures="0" tests="1" name="shoppersstack.testscripts.AddAddressTest" time="82.000" errors="0" timestamp="2023-12-21T13:12:35 IST" skipped="0">
  <testcase classname="shoppersstack.testscripts.AddAddressTest" name="addAddress" time="82.000">
    <system-out>
      <![CDATA[Address Added Successfully]]>
    </system-out>
  </testcase> <!-- addAddress -->
  <system-out>
    <![CDATA[Browser launched Successfully
Logged in Successfully
Address Added Successfully
Website logged out Successfully
Browser closed Successfully]]>
  </system-out>
</testsuite> <!-- shoppersstack.testscripts.AddAddressTest -->
