<?xml version="1.0" encoding="UTF-8"?>
<!-- Generated by org.testng.reporters.JUnitReportReporter -->
<testsuite hostname="DESKTOP-BQHHH7G" failures="0" tests="1" name="shoppersstack.testscripts.DemoTest3" time="55.404" errors="0" timestamp="2023-12-17T16:03:21 IST" skipped="0">
  <testcase classname="shoppersstack.testscripts.DemoTest3" name="demoTest" time="55.404"/>
</testsuite> <!-- shoppersstack.testscripts.DemoTest3 -->
