<?xml version="1.0" encoding="UTF-8"?>
<!-- Generated by org.testng.reporters.JUnitReportReporter -->
<testsuite hostname="DESKTOP-BQHHH7G" failures="0" tests="1" name="shoppersstack.testscripts.LoginTest" time="48.284" errors="0" timestamp="2023-12-17T23:49:43 IST" skipped="0">
  <testcase classname="shoppersstack.testscripts.LoginTest" name="login" time="48.284">
    <system-out>
      <![CDATA[Loggedin Successfully]]>
    </system-out>
  </testcase> <!-- login -->
  <system-out>
    <![CDATA[Browser launched Successfully
Loggedin Successfully
Website logged out Successfully
Browser closed Successfully]]>
  </system-out>
</testsuite> <!-- shoppersstack.testscripts.LoginTest -->
