<?xml version="1.0" encoding="UTF-8"?>
<!-- Generated by org.testng.reporters.JUnitReportReporter -->
<testsuite hostname="DESKTOP-BQHHH7G" failures="0" tests="1" name="shoppersstack.testscripts.DemoTest2" time="36.634" errors="0" timestamp="2023-12-16T16:45:57 IST" skipped="0">
  <testcase classname="shoppersstack.testscripts.DemoTest2" name="demoTest2" time="36.634">
    <system-out>
      <![CDATA[ShoppersStack | Login]]>
    </system-out>
  </testcase> <!-- demoTest2 -->
  <system-out>
    <![CDATA[Browser launched Successfully
Logged in Successfully
ShoppersStack | Login
Website logged out Successfully
Browser closed Successfully]]>
  </system-out>
</testsuite> <!-- shoppersstack.testscripts.DemoTest2 -->
