<?xml version="1.0" encoding="UTF-8"?>
<!-- Generated by org.testng.reporters.JUnitReportReporter -->
<testsuite hostname="DESKTOP-BQHHH7G" failures="0" tests="1" name="shoppersstack.testscripts.DemoTest5" time="14.144" errors="0" timestamp="2023-12-17T16:01:02 IST" skipped="0">
  <testcase classname="shoppersstack.testscripts.DemoTest5" name="demoTest" time="14.144"/>
</testsuite> <!-- shoppersstack.testscripts.DemoTest5 -->
