<?xml version="1.0" encoding="UTF-8"?>
<!-- Generated by org.testng.reporters.JUnitReportReporter -->
<testsuite hostname="DESKTOP-BQHHH7G" failures="0" tests="1" name="shoppersstack.testscripts.AddShoesToCartTest" time="64.442" errors="0" timestamp="2023-12-17T23:57:43 IST" skipped="0">
  <testcase classname="shoppersstack.testscripts.AddShoesToCartTest" name="addShoesToCart" time="64.442">
    <system-out>
      <![CDATA[Product Searched Successfully
Product already added Successfully
Cart Checked Successfully]]>
    </system-out>
  </testcase> <!-- addShoesToCart -->
  <system-out>
    <![CDATA[Browser launched Successfully
Logged in Successfully
Product Searched Successfully
Product already added Successfully
Cart Checked Successfully
Website logged out Successfully
Browser closed Successfully]]>
  </system-out>
</testsuite> <!-- shoppersstack.testscripts.AddShoesToCartTest -->
