<?xml version="1.0" encoding="UTF-8"?>
<!-- Generated by org.testng.reporters.JUnitReportReporter -->
<testsuite hostname="DESKTOP-BQHHH7G" failures="0" tests="1" name="shoppersstack.testscripts.AddAddressTest4" time="111.937" errors="0" timestamp="2023-12-23T11:55:17 IST" skipped="0">
  <testcase classname="shoppersstack.testscripts.AddAddressTest4" name="addAddress" time="111.937">
    <system-out>
      <![CDATA[addAddressTest Has started
Address Added Successfully
addAddressTest is successfully Executed]]>
    </system-out>
  </testcase> <!-- addAddress -->
  <system-out>
    <![CDATA[Default suiteHas started
Browser launched Successfully
Logged in Successfully
addAddressTest Has started
Address Added Successfully
addAddressTest is successfully Executed
Website logged out Successfully
Browser closed Successfully]]>
  </system-out>
</testsuite> <!-- shoppersstack.testscripts.AddAddressTest4 -->
