<?xml version="1.0" encoding="UTF-8"?>
<!-- Generated by org.testng.reporters.JUnitReportReporter -->
<testsuite hostname="DESKTOP-BQHHH7G" failures="0" tests="3" name="shoppersstack.testscripts.DataProviderTest" time="98.518" errors="0" timestamp="2023-12-17T16:37:22 IST" skipped="0">
  <testcase classname="shoppersstack.testscripts.DataProviderTest" name="loginTest1" time="29.552"/>
  <testcase classname="shoppersstack.testscripts.DataProviderTest" name="loginTest1" time="35.432"/>
  <testcase classname="shoppersstack.testscripts.DataProviderTest" name="loginTest1" time="33.534"/>
</testsuite> <!-- shoppersstack.testscripts.DataProviderTest -->
