<?xml version="1.0" encoding="UTF-8"?>
<!-- Generated by org.testng.reporters.JUnitReportReporter -->
<testsuite hostname="DESKTOP-BQHHH7G" failures="0" tests="1" name="shoppersstack.testscripts.DemoTest5DatePicker" time="13.483" errors="0" timestamp="2023-12-17T16:04:09 IST" skipped="0">
  <testcase classname="shoppersstack.testscripts.DemoTest5DatePicker" name="demoTest" time="13.483"/>
</testsuite> <!-- shoppersstack.testscripts.DemoTest5DatePicker -->
