<?xml version="1.0" encoding="UTF-8"?>
<!-- Generated by org.testng.reporters.JUnitReportReporter -->
<testsuite hostname="DESKTOP-BQHHH7G" failures="0" tests="1" name="shoppersstack.logintest.DemoTest" time="18.691" errors="0" timestamp="2023-11-18T15:37:42 IST" skipped="0">
  <testcase classname="shoppersstack.logintest.DemoTest" name="demoTest" time="18.691">
    <system-out>
      <![CDATA[Successfully executed]]>
    </system-out>
  </testcase> <!-- demoTest -->
  <system-out>
    <![CDATA[Browser launched Successfully
Logged in Successfully
Successfully executed
Website logged out Successfully
Browser closed Successfully]]>
  </system-out>
</testsuite> <!-- shoppersstack.logintest.DemoTest -->
